\BOOKMARK [0][-]{chapter*.3}{\376\377\166\356\137\125}{}% 1
\BOOKMARK [0][-]{chapter*.3}{\376\377\144\130\211\201}{}% 2
\BOOKMARK [0][-]{chapter*.3}{\376\377\121\163\225\056\213\315}{}% 3
\BOOKMARK [0][-]{chapter.1}{\376\377\166\356\166\204\123\312\141\017\116\111}{}% 4
\BOOKMARK [0][-]{chapter.2}{\376\377\213\376\172\013\213\276\213\241\140\035\215\357\123\312\133\214\142\020\116\373\122\241}{}% 5
\BOOKMARK [1][-]{section.2.1}{\376\377\140\035\215\357}{chapter.2}% 6
\BOOKMARK [2][-]{subsection.2.1.1}{\376\377\137\000\123\321\163\257\130\203}{section.2.1}% 7
\BOOKMARK [2][-]{subsection.2.1.2}{\376\377\116\073\211\201\162\171\160\271}{section.2.1}% 8
\BOOKMARK [2][-]{subsection.2.1.3}{\376\377\217\320\210\114\155\101\172\013}{section.2.1}% 9
\BOOKMARK [1][-]{section.2.2}{\376\377\133\214\142\020\116\373\122\241}{chapter.2}% 10
\BOOKMARK [0][-]{chapter.3}{\376\377\144\315\117\134\174\373\176\337\145\164\117\123\213\276\213\241}{}% 11
\BOOKMARK [1][-]{section.3.1}{\376\377\144\315\117\134\174\373\176\337\121\205\150\070\137\025\133\374}{chapter.3}% 12
\BOOKMARK [2][-]{subsection.3.1.1}{\376\377\000B\000I\000O\000S\116\055\145\255\147\015\122\241\172\013\136\217}{section.3.1}% 13
\BOOKMARK [2][-]{subsection.3.1.2}{\376\377\000G\000R\000U\000B\0002}{section.3.1}% 14
\BOOKMARK [2][-]{subsection.3.1.3}{\376\377\000M\000u\000l\000t\000i\000b\000o\000o\000t\211\304\203\003}{section.3.1}% 15
\BOOKMARK [2][-]{subsection.3.1.4}{\376\377\224\376\143\245\201\032\147\054}{section.3.1}% 16
\BOOKMARK [2][-]{subsection.3.1.5}{\376\377\000M\000a\000k\000e\000f\000i\000l\000e\145\207\116\366}{section.3.1}% 17
\BOOKMARK [2][-]{subsection.3.1.6}{\376\377\154\107\177\026\126\150}{section.3.1}% 18
\BOOKMARK [1][-]{section.3.2}{\376\377\154\107\177\026\116\016\000C\166\204\166\370\116\222\214\003\165\050}{chapter.3}% 19
\BOOKMARK [2][-]{subsection.3.2.1}{\376\377\116\316\154\107\177\026\122\060\000C\213\355\212\000}{section.3.2}% 20
\BOOKMARK [2][-]{subsection.3.2.2}{\376\377\116\316\000C\122\060\000C\000+\000+}{section.3.2}% 21
\BOOKMARK [1][-]{section.3.3}{\376\377\153\265\143\317\217\360\173\046}{chapter.3}% 22
\BOOKMARK [2][-]{subsection.3.3.1}{\376\377\121\150\134\100\143\317\217\360\173\046\210\150\000G\000D\000T\000\040\000\050\000G\000l\000o\000b\000a\000l\000\040\000D\000e\000s\000c\000r\000i\000p\000t\000o\000r\000\040\000T\000a\000b\000l\000e\000\051}{section.3.3}% 23
\BOOKMARK [2][-]{subsection.3.3.2}{\376\377\134\100\220\350\143\317\217\360\173\046\210\150\000L\000D\000T\000\040\000\050\000L\000o\000c\000a\000l\000\040\000D\000e\000s\000c\000r\000i\000p\000t\000o\000r\000\040\000T\000a\000b\000l\000e\000\051}{section.3.3}% 24
\BOOKMARK [1][-]{section.3.4}{\376\377\116\055\145\255\143\317\217\360\173\046\210\150\000I\000D\000T\000\040\000\050\000I\000n\000t\000e\000r\000r\000u\000p\000t\000\040\000D\000e\000s\000c\000r\000i\000p\000t\000o\000r\000\040\000T\000a\000b\000l\000e\000\051}{chapter.3}% 25
\BOOKMARK [2][-]{subsection.3.4.1}{\376\377\225\350\143\317\217\360\173\046}{section.3.4}% 26
\BOOKMARK [1][-]{section.3.5}{\376\377\150\010\136\047}{chapter.3}% 27
\BOOKMARK [2][-]{subsection.3.5.1}{\376\377\121\205\150\070\150\010\116\012\166\204\226\167\226\061\136\047\000\050\000T\000r\000a\000p\000F\000r\000a\000m\000e\000\051}{section.3.5}% 28
\BOOKMARK [1][-]{section.3.6}{\376\377\133\127\173\046\213\276\131\007\232\161\122\250}{chapter.3}% 29
\BOOKMARK [2][-]{subsection.3.6.1}{\376\377\134\117\136\125}{section.3.6}% 30
\BOOKMARK [2][-]{subsection.3.6.2}{\376\377\225\056\166\330}{section.3.6}% 31
\BOOKMARK [1][-]{section.3.7}{\376\377\133\232\145\366\126\150\000\050\0008\0002\0005\0003\202\257\162\107\142\026\121\166\121\174\133\271\202\257\162\107\000\051\166\204\213\276\177\156}{chapter.3}% 32
\BOOKMARK [1][-]{section.3.8}{\376\377\127\127\213\276\131\007\232\161\122\250}{chapter.3}% 33
\BOOKMARK [2][-]{subsection.3.8.1}{\376\377\000I\000D\000E\000\050\000A\000T\000A\000\051\170\154\166\330}{section.3.8}% 34
\BOOKMARK [1][-]{section.3.9}{\376\377\145\207\116\366\174\373\176\337\213\276\213\241\116\016\133\236\163\260}{chapter.3}% 35
\BOOKMARK [0][-]{chapter.4}{\376\377\145\207\116\366\174\373\176\337\220\350\122\006\213\276\213\241\116\016\133\236\163\260}{}% 36
\BOOKMARK [1][-]{section.4.1}{\376\377\145\207\116\366\174\373\176\337\140\073\117\123\213\276\213\241}{chapter.4}% 37
\BOOKMARK [1][-]{section.4.2}{\376\377\162\151\164\006\170\154\166\330}{chapter.4}% 38
\BOOKMARK [2][-]{subsection.4.2.1}{\376\377\162\151\164\006\133\271\221\317\213\276\133\232}{section.4.2}% 39
\BOOKMARK [2][-]{subsection.4.2.2}{\376\377\170\301\166\330\150\074\137\017\123\026}{section.4.2}% 40
\BOOKMARK [2][-]{subsection.4.2.3}{\376\377\166\356\137\125\230\171\166\204\170\156\133\232}{section.4.2}% 41
\BOOKMARK [1][-]{section.4.3}{\376\377\170\154\166\330\232\161\122\250}{chapter.4}% 42
\BOOKMARK [2][-]{subsection.4.3.1}{\376\377\220\011\142\351\000I\000D\000E\000\050\000A\000T\000A\000\051\170\154\166\330}{section.4.3}% 43
\BOOKMARK [2][-]{subsection.4.3.2}{\376\377\170\154\166\330\213\373\121\231}{section.4.3}% 44
\BOOKMARK [1][-]{section.4.4}{\376\377\136\372\172\313\170\154\166\330\122\006\123\072\210\150}{chapter.4}% 45
\BOOKMARK [1][-]{section.4.5}{\376\377\127\372\116\216\117\115\171\072\126\376\166\204\000i\000n\000o\000d\000e\122\006\221\115\116\016\126\336\145\066}{chapter.4}% 46
\BOOKMARK [1][-]{section.4.6}{\376\377\136\372\172\313\150\071\166\356\137\125}{chapter.4}% 47
\BOOKMARK [1][-]{section.4.7}{\376\377\127\372\116\216\142\020\176\304\224\376\143\245\154\325\166\204\170\301\166\330\172\172\225\362\127\127\173\241\164\006}{chapter.4}% 48
\BOOKMARK [1][-]{section.4.8}{\376\377\215\205\176\247\127\127\213\276\213\241}{chapter.4}% 49
\BOOKMARK [2][-]{subsection.4.8.1}{\376\377\170\154\166\330\215\205\176\247\127\127}{section.4.8}% 50
\BOOKMARK [1][-]{section.4.9}{\376\377\000i\000n\000o\000d\000e\213\276\213\241}{chapter.4}% 51
\BOOKMARK [2][-]{subsection.4.9.1}{\376\377\121\205\133\130\116\055\000i\000n\000o\000d\000e\176\323\147\204\000\050\000m\000\137\000i\000n\000o\000d\000e\000\051}{section.4.9}% 52
\BOOKMARK [2][-]{subsection.4.9.2}{\376\377\000i\000g\000e\000t\124\214\000i\000p\000u\000t}{section.4.9}% 53
\BOOKMARK [1][-]{section.4.10}{\376\377\166\356\137\125\173\241\164\006}{chapter.4}% 54
\BOOKMARK [2][-]{subsection.4.10.1}{\376\377\122\027\121\372\166\356\137\125\000\050\000l\000s\000\051}{section.4.10}% 55
\BOOKMARK [2][-]{subsection.4.10.2}{\376\377\122\033\136\372\124\214\122\040\226\144\166\356\137\125\000\050\000m\000k\000d\000i\000r\060\001\000r\000m\000d\000i\000r\000\051}{section.4.10}% 56
\BOOKMARK [2][-]{subsection.4.10.3}{\376\377\000h\000e\000x\000d\000u\000m\000p}{section.4.10}% 57
\BOOKMARK [2][-]{subsection.4.10.4}{\376\377\122\007\143\142\166\356\137\125\000\050\000c\000d\000\051}{section.4.10}% 58
\BOOKMARK [1][-]{section.4.11}{\376\377\145\207\116\366\173\241\164\006}{chapter.4}% 59
\BOOKMARK [2][-]{subsection.4.11.1}{\376\377\145\207\116\366\166\204\142\123\137\000\124\214\121\163\225\355}{section.4.11}% 60
\BOOKMARK [2][-]{subsection.4.11.2}{\376\377\000o\000p\000e\000n}{section.4.11}% 61
\BOOKMARK [2][-]{subsection.4.11.3}{\376\377\131\032\176\247\175\042\137\025}{section.4.11}% 62
\BOOKMARK [2][-]{subsection.4.11.4}{\376\377\213\373\121\231\145\207\116\366\116\016\122\040\226\144\145\207\116\366}{section.4.11}% 63
\BOOKMARK [2][-]{subsection.4.11.5}{\376\377\147\345\167\013\145\207\116\366\121\205\133\271\000\050\000c\000a\000t\000\051}{section.4.11}% 64
\BOOKMARK [2][-]{subsection.4.11.6}{\376\377\147\345\167\013\170\154\166\330\0001\176\323\147\204\176\304\142\020}{section.4.11}% 65
\BOOKMARK [0][-]{chapter.5}{\376\377\217\157\116\366\174\373\176\337\213\276\213\241}{}% 66
\BOOKMARK [1][-]{section.5.1}{\376\377\174\373\176\337\174\173\126\376}{chapter.5}% 67
\BOOKMARK [1][-]{section.5.2}{\376\377\230\172\136\217\126\376}{chapter.5}% 68
\BOOKMARK [1][-]{section.5.3}{\376\377\176\304\142\020}{chapter.5}% 69
\BOOKMARK [2][-]{subsection.5.3.1}{\376\377\145\164\117\123\176\304\142\020}{section.5.3}% 70
\BOOKMARK [2][-]{subsection.5.3.2}{\376\377\145\207\116\366\174\373\176\337\176\304\142\020}{section.5.3}% 71
\BOOKMARK [1][-]{section.5.4}{\376\377\117\235\215\126\121\163\174\373\126\376}{chapter.5}% 72
\BOOKMARK [2][-]{subsection.5.4.1}{\376\377\000f\000i\000l\000e\000.\000c\000c\166\204\117\235\215\126\121\163\174\373\126\376}{section.5.4}% 73
\BOOKMARK [2][-]{subsection.5.4.2}{\376\377\000f\000s\000.\000c\000c\166\204\117\235\215\126\121\163\174\373\126\376}{section.5.4}% 74
\BOOKMARK [2][-]{subsection.5.4.3}{\376\377\145\164\117\123\121\205\220\350\117\235\215\126\121\163\174\373\126\376}{section.5.4}% 75
\BOOKMARK [0][-]{chapter.6}{\376\377\121\163\225\056\144\315\117\134\377\010\145\271\154\325\377\011\121\375\145\160\166\204\133\236\163\260}{}% 76
\BOOKMARK [1][-]{section.6.1}{\376\377\000G\000D\000T\116\016\000I\000D\000T\210\150\230\171\166\204\213\276\177\156}{chapter.6}% 77
\BOOKMARK [2][-]{subsection.6.1.1}{\376\377\000G\000D\000T}{section.6.1}% 78
\BOOKMARK [2][-]{subsection.6.1.2}{\376\377\000I\000D\000T}{section.6.1}% 79
\BOOKMARK [1][-]{section.6.2}{\376\377\142\020\176\304\224\376\143\245}{chapter.6}% 80
\BOOKMARK [2][-]{subsection.6.2.1}{\376\377\172\172\225\362\170\301\166\330\127\127\166\204\142\020\176\304\224\376\143\245\122\006\221\115\116\016\126\336\145\066\145\271\154\325}{section.6.2}% 81
\BOOKMARK [2][-]{subsection.6.2.2}{\376\377\122\035\131\313\123\026}{section.6.2}% 82
\BOOKMARK [1][-]{section.6.3}{\376\377\166\356\137\125\230\171\166\204\170\156\133\232}{chapter.6}% 83
\BOOKMARK [1][-]{section.6.4}{\376\377\131\032\176\247\175\042\137\025}{chapter.6}% 84
\BOOKMARK [2][-]{subsection.6.4.1}{\376\377\122\040\226\144\145\207\116\366}{section.6.4}% 85
\BOOKMARK [0][-]{chapter.7}{\376\377\217\320\210\114\116\016\155\113\213\325}{}% 86
\BOOKMARK [1][-]{section.7.1}{\376\377\162\151\164\006\210\370\147\072}{chapter.7}% 87
\BOOKMARK [2][-]{subsection.7.1.1}{\376\377\000G\000R\000U\000B}{section.7.1}% 88
\BOOKMARK [1][-]{section.7.2}{\376\377\122\051\165\050\000Q\000E\000M\000U\152\041\142\337\126\150\155\113\213\325}{chapter.7}% 89
\BOOKMARK [0][-]{chapter.8}{\376\377\140\073\176\323\116\016\134\125\147\033}{}% 90
\BOOKMARK [1][-]{section.8.1}{\376\377\201\364\214\042}{chapter.8}% 91
\BOOKMARK [1][-]{section.8.2}{\376\377\140\073\176\323}{chapter.8}% 92
\BOOKMARK [2][-]{subsection.8.2.1}{\376\377\133\130\127\050\225\356\230\230}{section.8.2}% 93
\BOOKMARK [2][-]{subsection.8.2.2}{\376\377\134\125\147\033}{section.8.2}% 94
\BOOKMARK [0][-]{subsection.8.2.2}{\376\377\123\302\200\003\145\207\163\056}{}% 95
